{"/Users/annahgerletti/workspace/bootCamp/personalProjects/Can-you-make-it/client/sum.js": {"path":"/Users/annahgerletti/workspace/bootCamp/personalProjects/Can-you-make-it/client/sum.js","statementMap":{"0":{"start":{"line":2,"column":2},"end":{"line":2,"column":14}},"1":{"start":{"line":5,"column":0},"end":{"line":5,"column":20}}},"fnMap":{"0":{"name":"sum","decl":{"start":{"line":1,"column":9},"end":{"line":1,"column":12}},"loc":{"start":{"line":1,"column":19},"end":{"line":3,"column":1}},"line":1}},"branchMap":{},"s":{"0":1,"1":1},"f":{"0":1},"b":{},"_coverageSchema":"332fd63041d2c1bcb487cc26dd0d5f7d97098a6c","hash":"19332e3613e066b20a5a42453f9e28a77881690c"}
,"/Users/annahgerletti/workspace/bootCamp/personalProjects/Can-you-make-it/client/components/header.jsx": {"path":"/Users/annahgerletti/workspace/bootCamp/personalProjects/Can-you-make-it/client/components/header.jsx","statementMap":{"0":{"start":{"line":3,"column":15},"end":{"line":9,"column":1}},"1":{"start":{"line":4,"column":2},"end":{"line":8,"column":3}}},"fnMap":{"0":{"name":"(anonymous_0)","decl":{"start":{"line":3,"column":15},"end":{"line":3,"column":16}},"loc":{"start":{"line":3,"column":26},"end":{"line":9,"column":1}},"line":3}},"branchMap":{},"s":{"0":1,"1":1},"f":{"0":1},"b":{},"_coverageSchema":"332fd63041d2c1bcb487cc26dd0d5f7d97098a6c","hash":"5d00f95167410cb5696837bb56a5f91441470bc6"}
}
